<?xml version="1.0" encoding="UTF-8"?>
<!-- Generated by org.testng.reporters.JUnitReportReporter -->
<testsuite name="testSetup.TestClass" tests="1" time="82.665" ignored="0" failures="0" timestamp="07 Dec 2020 06:36:51 GMT" skipped="0" hostname="vishnu-PC" errors="0">
  <testcase name="testSwagLabs" time="82.665" classname="testSetup.TestClass"/>
</testsuite> <!-- testSetup.TestClass -->
